<?xml version="1.0" encoding="UTF-8"?>
<testsuite xmlns:xsi="http://www.w3.org/2001/XMLSchema-instance" xsi:noNamespaceSchemaLocation="https://maven.apache.org/surefire/maven-surefire-plugin/xsd/surefire-test-report.xsd" name="com.alphasense.cloudservice.CloudserviceApplicationTests" time="0.012" tests="1" errors="0" skipped="0" failures="0">
  <properties>
    <property name="gopherProxySet" value="false"/>
    <property name="awt.toolkit" value="sun.lwawt.macosx.LWCToolkit"/>
    <property name="java.specification.version" value="11"/>
    <property name="sun.cpu.isalist" value=""/>
    <property name="sun.jnu.encoding" value="UTF-8"/>
    <property name="java.class.path" value="/Users/vinay.tv/Downloads/cloudservice/target/test-classes:/Users/vinay.tv/Downloads/cloudservice/target/classes:/Users/vinay.tv/.m2/repository/org/springframework/integration/spring-integration-core/6.0.2/spring-integration-core-6.0.2.jar:/Users/vinay.tv/.m2/repository/org/springframework/spring-aop/5.3.23/spring-aop-5.3.23.jar:/Users/vinay.tv/.m2/repository/org/springframework/spring-beans/5.3.23/spring-beans-5.3.23.jar:/Users/vinay.tv/.m2/repository/org/springframework/spring-context/5.3.23/spring-context-5.3.23.jar:/Users/vinay.tv/.m2/repository/org/springframework/spring-expression/5.3.23/spring-expression-5.3.23.jar:/Users/vinay.tv/.m2/repository/org/springframework/spring-messaging/5.3.23/spring-messaging-5.3.23.jar:/Users/vinay.tv/.m2/repository/org/springframework/spring-tx/5.3.23/spring-tx-5.3.23.jar:/Users/vinay.tv/.m2/repository/org/springframework/retry/spring-retry/1.3.4/spring-retry-1.3.4.jar:/Users/vinay.tv/.m2/repository/io/projectreactor/reactor-core/3.4.24/reactor-core-3.4.24.jar:/Users/vinay.tv/.m2/repository/org/reactivestreams/reactive-streams/1.0.4/reactive-streams-1.0.4.jar:/Users/vinay.tv/.m2/repository/io/micrometer/micrometer-observation/1.10.3/micrometer-observation-1.10.3.jar:/Users/vinay.tv/.m2/repository/io/micrometer/micrometer-commons/1.10.3/micrometer-commons-1.10.3.jar:/Users/vinay.tv/.m2/repository/org/springframework/boot/spring-boot-starter/3.1.0/spring-boot-starter-3.1.0.jar:/Users/vinay.tv/.m2/repository/org/springframework/boot/spring-boot/2.7.5/spring-boot-2.7.5.jar:/Users/vinay.tv/.m2/repository/org/springframework/boot/spring-boot-autoconfigure/2.7.5/spring-boot-autoconfigure-2.7.5.jar:/Users/vinay.tv/.m2/repository/org/springframework/boot/spring-boot-starter-logging/2.7.5/spring-boot-starter-logging-2.7.5.jar:/Users/vinay.tv/.m2/repository/ch/qos/logback/logback-classic/1.2.11/logback-classic-1.2.11.jar:/Users/vinay.tv/.m2/repository/ch/qos/logback/logback-core/1.2.11/logback-core-1.2.11.jar:/Users/vinay.tv/.m2/repository/org/apache/logging/log4j/log4j-to-slf4j/2.17.2/log4j-to-slf4j-2.17.2.jar:/Users/vinay.tv/.m2/repository/org/apache/logging/log4j/log4j-api/2.17.2/log4j-api-2.17.2.jar:/Users/vinay.tv/.m2/repository/org/slf4j/jul-to-slf4j/1.7.36/jul-to-slf4j-1.7.36.jar:/Users/vinay.tv/.m2/repository/jakarta/annotation/jakarta.annotation-api/1.3.5/jakarta.annotation-api-1.3.5.jar:/Users/vinay.tv/.m2/repository/org/springframework/spring-core/5.3.23/spring-core-5.3.23.jar:/Users/vinay.tv/.m2/repository/org/springframework/spring-jcl/5.3.23/spring-jcl-5.3.23.jar:/Users/vinay.tv/.m2/repository/org/yaml/snakeyaml/1.30/snakeyaml-1.30.jar:/Users/vinay.tv/.m2/repository/org/springframework/boot/spring-boot-starter-test/3.1.0/spring-boot-starter-test-3.1.0.jar:/Users/vinay.tv/.m2/repository/org/springframework/boot/spring-boot-test/2.7.5/spring-boot-test-2.7.5.jar:/Users/vinay.tv/.m2/repository/org/springframework/boot/spring-boot-test-autoconfigure/2.7.5/spring-boot-test-autoconfigure-2.7.5.jar:/Users/vinay.tv/.m2/repository/com/jayway/jsonpath/json-path/2.7.0/json-path-2.7.0.jar:/Users/vinay.tv/.m2/repository/jakarta/xml/bind/jakarta.xml.bind-api/2.3.3/jakarta.xml.bind-api-2.3.3.jar:/Users/vinay.tv/.m2/repository/jakarta/activation/jakarta.activation-api/1.2.2/jakarta.activation-api-1.2.2.jar:/Users/vinay.tv/.m2/repository/net/minidev/json-smart/2.4.8/json-smart-2.4.8.jar:/Users/vinay.tv/.m2/repository/net/minidev/accessors-smart/2.4.8/accessors-smart-2.4.8.jar:/Users/vinay.tv/.m2/repository/org/ow2/asm/asm/9.1/asm-9.1.jar:/Users/vinay.tv/.m2/repository/org/assertj/assertj-core/3.22.0/assertj-core-3.22.0.jar:/Users/vinay.tv/.m2/repository/org/hamcrest/hamcrest/2.2/hamcrest-2.2.jar:/Users/vinay.tv/.m2/repository/org/junit/jupiter/junit-jupiter/5.8.2/junit-jupiter-5.8.2.jar:/Users/vinay.tv/.m2/repository/org/junit/jupiter/junit-jupiter-api/5.8.2/junit-jupiter-api-5.8.2.jar:/Users/vinay.tv/.m2/repository/org/opentest4j/opentest4j/1.2.0/opentest4j-1.2.0.jar:/Users/vinay.tv/.m2/repository/org/junit/platform/junit-platform-commons/1.8.2/junit-platform-commons-1.8.2.jar:/Users/vinay.tv/.m2/repository/org/apiguardian/apiguardian-api/1.1.2/apiguardian-api-1.1.2.jar:/Users/vinay.tv/.m2/repository/org/junit/jupiter/junit-jupiter-params/5.8.2/junit-jupiter-params-5.8.2.jar:/Users/vinay.tv/.m2/repository/org/junit/jupiter/junit-jupiter-engine/5.8.2/junit-jupiter-engine-5.8.2.jar:/Users/vinay.tv/.m2/repository/org/junit/platform/junit-platform-engine/1.8.2/junit-platform-engine-1.8.2.jar:/Users/vinay.tv/.m2/repository/org/mockito/mockito-core/4.5.1/mockito-core-4.5.1.jar:/Users/vinay.tv/.m2/repository/net/bytebuddy/byte-buddy/1.12.18/byte-buddy-1.12.18.jar:/Users/vinay.tv/.m2/repository/net/bytebuddy/byte-buddy-agent/1.12.18/byte-buddy-agent-1.12.18.jar:/Users/vinay.tv/.m2/repository/org/objenesis/objenesis/3.2/objenesis-3.2.jar:/Users/vinay.tv/.m2/repository/org/mockito/mockito-junit-jupiter/4.5.1/mockito-junit-jupiter-4.5.1.jar:/Users/vinay.tv/.m2/repository/org/skyscreamer/jsonassert/1.5.1/jsonassert-1.5.1.jar:/Users/vinay.tv/.m2/repository/com/vaadin/external/google/android-json/0.0.20131108.vaadin1/android-json-0.0.20131108.vaadin1.jar:/Users/vinay.tv/.m2/repository/org/springframework/spring-test/5.3.23/spring-test-5.3.23.jar:/Users/vinay.tv/.m2/repository/org/xmlunit/xmlunit-core/2.9.0/xmlunit-core-2.9.0.jar:/Users/vinay.tv/.m2/repository/org/projectlombok/lombok/1.18.26/lombok-1.18.26.jar:/Users/vinay.tv/.m2/repository/io/awspring/cloud/spring-cloud-starter-aws-messaging/2.3.0/spring-cloud-starter-aws-messaging-2.3.0.jar:/Users/vinay.tv/.m2/repository/io/awspring/cloud/spring-cloud-starter-aws/2.3.0/spring-cloud-starter-aws-2.3.0.jar:/Users/vinay.tv/.m2/repository/io/awspring/cloud/spring-cloud-aws-context/2.3.0/spring-cloud-aws-context-2.3.0.jar:/Users/vinay.tv/.m2/repository/io/awspring/cloud/spring-cloud-aws-core/2.3.0/spring-cloud-aws-core-2.3.0.jar:/Users/vinay.tv/.m2/repository/com/amazonaws/aws-java-sdk-s3/1.11.951/aws-java-sdk-s3-1.11.951.jar:/Users/vinay.tv/.m2/repository/com/amazonaws/aws-java-sdk-kms/1.11.951/aws-java-sdk-kms-1.11.951.jar:/Users/vinay.tv/.m2/repository/com/amazonaws/aws-java-sdk-ec2/1.11.951/aws-java-sdk-ec2-1.11.951.jar:/Users/vinay.tv/.m2/repository/io/awspring/cloud/spring-cloud-aws-autoconfigure/2.3.0/spring-cloud-aws-autoconfigure-2.3.0.jar:/Users/vinay.tv/.m2/repository/io/awspring/cloud/spring-cloud-aws-messaging/2.3.0/spring-cloud-aws-messaging-2.3.0.jar:/Users/vinay.tv/.m2/repository/com/amazonaws/aws-java-sdk-sns/1.11.951/aws-java-sdk-sns-1.11.951.jar:/Users/vinay.tv/.m2/repository/com/amazonaws/aws-java-sdk-core/1.11.951/aws-java-sdk-core-1.11.951.jar:/Users/vinay.tv/.m2/repository/commons-logging/commons-logging/1.1.3/commons-logging-1.1.3.jar:/Users/vinay.tv/.m2/repository/org/apache/httpcomponents/httpclient/4.5.13/httpclient-4.5.13.jar:/Users/vinay.tv/.m2/repository/org/apache/httpcomponents/httpcore/4.4.15/httpcore-4.4.15.jar:/Users/vinay.tv/.m2/repository/commons-codec/commons-codec/1.15/commons-codec-1.15.jar:/Users/vinay.tv/.m2/repository/software/amazon/ion/ion-java/1.0.2/ion-java-1.0.2.jar:/Users/vinay.tv/.m2/repository/com/fasterxml/jackson/core/jackson-databind/2.13.4.2/jackson-databind-2.13.4.2.jar:/Users/vinay.tv/.m2/repository/com/fasterxml/jackson/core/jackson-annotations/2.13.4/jackson-annotations-2.13.4.jar:/Users/vinay.tv/.m2/repository/com/fasterxml/jackson/core/jackson-core/2.13.4/jackson-core-2.13.4.jar:/Users/vinay.tv/.m2/repository/com/fasterxml/jackson/dataformat/jackson-dataformat-cbor/2.13.4/jackson-dataformat-cbor-2.13.4.jar:/Users/vinay.tv/.m2/repository/joda-time/joda-time/2.8.1/joda-time-2.8.1.jar:/Users/vinay.tv/.m2/repository/com/amazonaws/jmespath-java/1.11.951/jmespath-java-1.11.951.jar:/Users/vinay.tv/.m2/repository/com/amazonaws/aws-java-sdk-sqs/1.11.951/aws-java-sdk-sqs-1.11.951.jar:/Users/vinay.tv/.m2/repository/org/slf4j/slf4j-api/1.7.36/slf4j-api-1.7.36.jar:/Users/vinay.tv/.m2/repository/javax/activation/javax.activation-api/1.2.0/javax.activation-api-1.2.0.jar:"/>
    <property name="java.vm.vendor" value="Oracle Corporation"/>
    <property name="sun.arch.data.model" value="64"/>
    <property name="java.vendor.url" value="https://openjdk.java.net/"/>
    <property name="user.timezone" value=""/>
    <property name="java.vm.specification.version" value="11"/>
    <property name="os.name" value="Mac OS X"/>
    <property name="sun.java.launcher" value="SUN_STANDARD"/>
    <property name="user.country" value="IN"/>
    <property name="sun.boot.library.path" value="/Library/Java/JavaVirtualMachines/jdk-11.0.16.jdk/Contents/Home/lib"/>
    <property name="sun.java.command" value="/Users/vinay.tv/Downloads/cloudservice/target/surefire/surefirebooter5579298958740719249.jar /Users/vinay.tv/Downloads/cloudservice/target/surefire 2023-08-31T10-54-05_944-jvmRun1 surefire11858560509963637514tmp surefire_014498479478521130051tmp"/>
    <property name="http.nonProxyHosts" value="local|*.local|169.254/16|*.169.254/16"/>
    <property name="jdk.debug" value="release"/>
    <property name="surefire.test.class.path" value="/Users/vinay.tv/Downloads/cloudservice/target/test-classes:/Users/vinay.tv/Downloads/cloudservice/target/classes:/Users/vinay.tv/.m2/repository/org/springframework/integration/spring-integration-core/6.0.2/spring-integration-core-6.0.2.jar:/Users/vinay.tv/.m2/repository/org/springframework/spring-aop/5.3.23/spring-aop-5.3.23.jar:/Users/vinay.tv/.m2/repository/org/springframework/spring-beans/5.3.23/spring-beans-5.3.23.jar:/Users/vinay.tv/.m2/repository/org/springframework/spring-context/5.3.23/spring-context-5.3.23.jar:/Users/vinay.tv/.m2/repository/org/springframework/spring-expression/5.3.23/spring-expression-5.3.23.jar:/Users/vinay.tv/.m2/repository/org/springframework/spring-messaging/5.3.23/spring-messaging-5.3.23.jar:/Users/vinay.tv/.m2/repository/org/springframework/spring-tx/5.3.23/spring-tx-5.3.23.jar:/Users/vinay.tv/.m2/repository/org/springframework/retry/spring-retry/1.3.4/spring-retry-1.3.4.jar:/Users/vinay.tv/.m2/repository/io/projectreactor/reactor-core/3.4.24/reactor-core-3.4.24.jar:/Users/vinay.tv/.m2/repository/org/reactivestreams/reactive-streams/1.0.4/reactive-streams-1.0.4.jar:/Users/vinay.tv/.m2/repository/io/micrometer/micrometer-observation/1.10.3/micrometer-observation-1.10.3.jar:/Users/vinay.tv/.m2/repository/io/micrometer/micrometer-commons/1.10.3/micrometer-commons-1.10.3.jar:/Users/vinay.tv/.m2/repository/org/springframework/boot/spring-boot-starter/3.1.0/spring-boot-starter-3.1.0.jar:/Users/vinay.tv/.m2/repository/org/springframework/boot/spring-boot/2.7.5/spring-boot-2.7.5.jar:/Users/vinay.tv/.m2/repository/org/springframework/boot/spring-boot-autoconfigure/2.7.5/spring-boot-autoconfigure-2.7.5.jar:/Users/vinay.tv/.m2/repository/org/springframework/boot/spring-boot-starter-logging/2.7.5/spring-boot-starter-logging-2.7.5.jar:/Users/vinay.tv/.m2/repository/ch/qos/logback/logback-classic/1.2.11/logback-classic-1.2.11.jar:/Users/vinay.tv/.m2/repository/ch/qos/logback/logback-core/1.2.11/logback-core-1.2.11.jar:/Users/vinay.tv/.m2/repository/org/apache/logging/log4j/log4j-to-slf4j/2.17.2/log4j-to-slf4j-2.17.2.jar:/Users/vinay.tv/.m2/repository/org/apache/logging/log4j/log4j-api/2.17.2/log4j-api-2.17.2.jar:/Users/vinay.tv/.m2/repository/org/slf4j/jul-to-slf4j/1.7.36/jul-to-slf4j-1.7.36.jar:/Users/vinay.tv/.m2/repository/jakarta/annotation/jakarta.annotation-api/1.3.5/jakarta.annotation-api-1.3.5.jar:/Users/vinay.tv/.m2/repository/org/springframework/spring-core/5.3.23/spring-core-5.3.23.jar:/Users/vinay.tv/.m2/repository/org/springframework/spring-jcl/5.3.23/spring-jcl-5.3.23.jar:/Users/vinay.tv/.m2/repository/org/yaml/snakeyaml/1.30/snakeyaml-1.30.jar:/Users/vinay.tv/.m2/repository/org/springframework/boot/spring-boot-starter-test/3.1.0/spring-boot-starter-test-3.1.0.jar:/Users/vinay.tv/.m2/repository/org/springframework/boot/spring-boot-test/2.7.5/spring-boot-test-2.7.5.jar:/Users/vinay.tv/.m2/repository/org/springframework/boot/spring-boot-test-autoconfigure/2.7.5/spring-boot-test-autoconfigure-2.7.5.jar:/Users/vinay.tv/.m2/repository/com/jayway/jsonpath/json-path/2.7.0/json-path-2.7.0.jar:/Users/vinay.tv/.m2/repository/jakarta/xml/bind/jakarta.xml.bind-api/2.3.3/jakarta.xml.bind-api-2.3.3.jar:/Users/vinay.tv/.m2/repository/jakarta/activation/jakarta.activation-api/1.2.2/jakarta.activation-api-1.2.2.jar:/Users/vinay.tv/.m2/repository/net/minidev/json-smart/2.4.8/json-smart-2.4.8.jar:/Users/vinay.tv/.m2/repository/net/minidev/accessors-smart/2.4.8/accessors-smart-2.4.8.jar:/Users/vinay.tv/.m2/repository/org/ow2/asm/asm/9.1/asm-9.1.jar:/Users/vinay.tv/.m2/repository/org/assertj/assertj-core/3.22.0/assertj-core-3.22.0.jar:/Users/vinay.tv/.m2/repository/org/hamcrest/hamcrest/2.2/hamcrest-2.2.jar:/Users/vinay.tv/.m2/repository/org/junit/jupiter/junit-jupiter/5.8.2/junit-jupiter-5.8.2.jar:/Users/vinay.tv/.m2/repository/org/junit/jupiter/junit-jupiter-api/5.8.2/junit-jupiter-api-5.8.2.jar:/Users/vinay.tv/.m2/repository/org/opentest4j/opentest4j/1.2.0/opentest4j-1.2.0.jar:/Users/vinay.tv/.m2/repository/org/junit/platform/junit-platform-commons/1.8.2/junit-platform-commons-1.8.2.jar:/Users/vinay.tv/.m2/repository/org/apiguardian/apiguardian-api/1.1.2/apiguardian-api-1.1.2.jar:/Users/vinay.tv/.m2/repository/org/junit/jupiter/junit-jupiter-params/5.8.2/junit-jupiter-params-5.8.2.jar:/Users/vinay.tv/.m2/repository/org/junit/jupiter/junit-jupiter-engine/5.8.2/junit-jupiter-engine-5.8.2.jar:/Users/vinay.tv/.m2/repository/org/junit/platform/junit-platform-engine/1.8.2/junit-platform-engine-1.8.2.jar:/Users/vinay.tv/.m2/repository/org/mockito/mockito-core/4.5.1/mockito-core-4.5.1.jar:/Users/vinay.tv/.m2/repository/net/bytebuddy/byte-buddy/1.12.18/byte-buddy-1.12.18.jar:/Users/vinay.tv/.m2/repository/net/bytebuddy/byte-buddy-agent/1.12.18/byte-buddy-agent-1.12.18.jar:/Users/vinay.tv/.m2/repository/org/objenesis/objenesis/3.2/objenesis-3.2.jar:/Users/vinay.tv/.m2/repository/org/mockito/mockito-junit-jupiter/4.5.1/mockito-junit-jupiter-4.5.1.jar:/Users/vinay.tv/.m2/repository/org/skyscreamer/jsonassert/1.5.1/jsonassert-1.5.1.jar:/Users/vinay.tv/.m2/repository/com/vaadin/external/google/android-json/0.0.20131108.vaadin1/android-json-0.0.20131108.vaadin1.jar:/Users/vinay.tv/.m2/repository/org/springframework/spring-test/5.3.23/spring-test-5.3.23.jar:/Users/vinay.tv/.m2/repository/org/xmlunit/xmlunit-core/2.9.0/xmlunit-core-2.9.0.jar:/Users/vinay.tv/.m2/repository/org/projectlombok/lombok/1.18.26/lombok-1.18.26.jar:/Users/vinay.tv/.m2/repository/io/awspring/cloud/spring-cloud-starter-aws-messaging/2.3.0/spring-cloud-starter-aws-messaging-2.3.0.jar:/Users/vinay.tv/.m2/repository/io/awspring/cloud/spring-cloud-starter-aws/2.3.0/spring-cloud-starter-aws-2.3.0.jar:/Users/vinay.tv/.m2/repository/io/awspring/cloud/spring-cloud-aws-context/2.3.0/spring-cloud-aws-context-2.3.0.jar:/Users/vinay.tv/.m2/repository/io/awspring/cloud/spring-cloud-aws-core/2.3.0/spring-cloud-aws-core-2.3.0.jar:/Users/vinay.tv/.m2/repository/com/amazonaws/aws-java-sdk-s3/1.11.951/aws-java-sdk-s3-1.11.951.jar:/Users/vinay.tv/.m2/repository/com/amazonaws/aws-java-sdk-kms/1.11.951/aws-java-sdk-kms-1.11.951.jar:/Users/vinay.tv/.m2/repository/com/amazonaws/aws-java-sdk-ec2/1.11.951/aws-java-sdk-ec2-1.11.951.jar:/Users/vinay.tv/.m2/repository/io/awspring/cloud/spring-cloud-aws-autoconfigure/2.3.0/spring-cloud-aws-autoconfigure-2.3.0.jar:/Users/vinay.tv/.m2/repository/io/awspring/cloud/spring-cloud-aws-messaging/2.3.0/spring-cloud-aws-messaging-2.3.0.jar:/Users/vinay.tv/.m2/repository/com/amazonaws/aws-java-sdk-sns/1.11.951/aws-java-sdk-sns-1.11.951.jar:/Users/vinay.tv/.m2/repository/com/amazonaws/aws-java-sdk-core/1.11.951/aws-java-sdk-core-1.11.951.jar:/Users/vinay.tv/.m2/repository/commons-logging/commons-logging/1.1.3/commons-logging-1.1.3.jar:/Users/vinay.tv/.m2/repository/org/apache/httpcomponents/httpclient/4.5.13/httpclient-4.5.13.jar:/Users/vinay.tv/.m2/repository/org/apache/httpcomponents/httpcore/4.4.15/httpcore-4.4.15.jar:/Users/vinay.tv/.m2/repository/commons-codec/commons-codec/1.15/commons-codec-1.15.jar:/Users/vinay.tv/.m2/repository/software/amazon/ion/ion-java/1.0.2/ion-java-1.0.2.jar:/Users/vinay.tv/.m2/repository/com/fasterxml/jackson/core/jackson-databind/2.13.4.2/jackson-databind-2.13.4.2.jar:/Users/vinay.tv/.m2/repository/com/fasterxml/jackson/core/jackson-annotations/2.13.4/jackson-annotations-2.13.4.jar:/Users/vinay.tv/.m2/repository/com/fasterxml/jackson/core/jackson-core/2.13.4/jackson-core-2.13.4.jar:/Users/vinay.tv/.m2/repository/com/fasterxml/jackson/dataformat/jackson-dataformat-cbor/2.13.4/jackson-dataformat-cbor-2.13.4.jar:/Users/vinay.tv/.m2/repository/joda-time/joda-time/2.8.1/joda-time-2.8.1.jar:/Users/vinay.tv/.m2/repository/com/amazonaws/jmespath-java/1.11.951/jmespath-java-1.11.951.jar:/Users/vinay.tv/.m2/repository/com/amazonaws/aws-java-sdk-sqs/1.11.951/aws-java-sdk-sqs-1.11.951.jar:/Users/vinay.tv/.m2/repository/org/slf4j/slf4j-api/1.7.36/slf4j-api-1.7.36.jar:/Users/vinay.tv/.m2/repository/javax/activation/javax.activation-api/1.2.0/javax.activation-api-1.2.0.jar:"/>
    <property name="sun.cpu.endian" value="little"/>
    <property name="user.home" value="/Users/vinay.tv"/>
    <property name="user.language" value="en"/>
    <property name="java.specification.vendor" value="Oracle Corporation"/>
    <property name="java.version.date" value="2022-07-19"/>
    <property name="java.home" value="/Library/Java/JavaVirtualMachines/jdk-11.0.16.jdk/Contents/Home"/>
    <property name="file.separator" value="/"/>
    <property name="basedir" value="/Users/vinay.tv/Downloads/cloudservice"/>
    <property name="java.vm.compressedOopsMode" value="Zero based"/>
    <property name="line.separator" value="&#10;"/>
    <property name="java.specification.name" value="Java Platform API Specification"/>
    <property name="java.vm.specification.vendor" value="Oracle Corporation"/>
    <property name="java.awt.graphicsenv" value="sun.awt.CGraphicsEnvironment"/>
    <property name="surefire.real.class.path" value="/Users/vinay.tv/Downloads/cloudservice/target/surefire/surefirebooter5579298958740719249.jar"/>
    <property name="sun.management.compiler" value="HotSpot 64-Bit Tiered Compilers"/>
    <property name="ftp.nonProxyHosts" value="local|*.local|169.254/16|*.169.254/16"/>
    <property name="java.runtime.version" value="11.0.16+11-LTS-199"/>
    <property name="user.name" value="vinay.tv"/>
    <property name="path.separator" value=":"/>
    <property name="os.version" value="13.2"/>
    <property name="java.runtime.name" value="Java(TM) SE Runtime Environment"/>
    <property name="file.encoding" value="US-ASCII"/>
    <property name="java.vm.name" value="Java HotSpot(TM) 64-Bit Server VM"/>
    <property name="java.vendor.version" value="18.9"/>
    <property name="localRepository" value="/Users/vinay.tv/.m2/repository"/>
    <property name="java.vendor.url.bug" value="https://bugreport.java.com/bugreport/"/>
    <property name="java.io.tmpdir" value="/var/folders/ph/h203s7690n92msggq40_c_14t2080g/T/"/>
    <property name="java.version" value="11.0.16"/>
    <property name="user.dir" value="/Users/vinay.tv/Downloads/cloudservice"/>
    <property name="os.arch" value="aarch64"/>
    <property name="java.vm.specification.name" value="Java Virtual Machine Specification"/>
    <property name="java.awt.printerjob" value="sun.lwawt.macosx.CPrinterJob"/>
    <property name="sun.os.patch.level" value="unknown"/>
    <property name="java.library.path" value="/Users/vinay.tv/Library/Java/Extensions:/Library/Java/Extensions:/Network/Library/Java/Extensions:/System/Library/Java/Extensions:/usr/lib/java:."/>
    <property name="java.vendor" value="Oracle Corporation"/>
    <property name="java.vm.info" value="mixed mode"/>
    <property name="java.vm.version" value="11.0.16+11-LTS-199"/>
    <property name="sun.io.unicode.encoding" value="UnicodeBig"/>
    <property name="java.class.version" value="55.0"/>
    <property name="socksNonProxyHosts" value="local|*.local|169.254/16|*.169.254/16"/>
  </properties>
  <testcase name="contextLoads" classname="com.alphasense.cloudservice.CloudserviceApplicationTests" time="0.008"/>
</testsuite>